<?xml version="1.0" encoding="UTF-8"?>
<!-- Generated by org.testng.reporters.JUnitXMLReporter -->
<testsuite hostname="DESKTOP-IREDREU" ignored="0" name="Test" tests="1" failures="1" timestamp="2020-04-14T19:23:41 BST" time="0.692" errors="0">
  <testcase name="features" time="0.23" classname="runTest.RunCucumberTest">
    <failure type="cucumber.runtime.CucumberException" message="java.lang.NullPointerException">
      <![CDATA[cucumber.runtime.CucumberException: java.lang.NullPointerException
at cucumber.api.testng.TestNGCucumberRunner.runCucumber(TestNGCucumberRunner.java:69)
at runTest.RunCucumberTest.features(RunCucumberTest.java:35)
at java.util.ArrayList.forEach(Unknown Source)
Caused by: java.lang.NullPointerException
at parallel.cucumber.utils.DriverFactory.initialization(DriverFactory.java:24)
at parallel.cucumber.utils.DriverFactory.getDriver(DriverFactory.java:62)
at parallel.cucumber.stepDefs.SearchProductStepTest.i_am_on_Carguruji_on_browser(SearchProductStepTest.java:37)
at ✽.Given I am on Carguruji on "chrome" browser(search_product.feature:9)
... Removed 27 stack frames]]>
    </failure>
  </testcase> <!-- features -->
</testsuite> <!-- Test -->
