<?xml version="1.0" encoding="UTF-8"?>
<testng-results skipped="0" failed="1" ignored="0" total="1" passed="0">
  <reporter-output>
  </reporter-output>
  <suite name="Suite" duration-ms="692" started-at="2020-04-14T19:23:40 BST" finished-at="2020-04-14T19:23:41 BST">
    <groups>
    </groups>
    <test name="Test" duration-ms="692" started-at="2020-04-14T19:23:40 BST" finished-at="2020-04-14T19:23:41 BST">
      <class name="runTest.RunCucumberTest">
        <test-method status="PASS" signature="setUpClass()[pri:0, instance:runTest.RunCucumberTest@5f3a4b84]" name="setUpClass" is-config="true" duration-ms="250" started-at="2020-04-14T19:23:40 BST" finished-at="2020-04-14T19:23:41 BST">
          <reporter-output>
          </reporter-output>
        </test-method> <!-- setUpClass -->
        <test-method status="FAIL" signature="features(cucumber.api.testng.CucumberFeatureWrapper)[pri:0, instance:runTest.RunCucumberTest@5f3a4b84]" name="features" duration-ms="230" started-at="2020-04-14T19:23:41 BST" data-provider="features" finished-at="2020-04-14T19:23:41 BST">
          <params>
            <param index="0">
              <value>
                <![CDATA[verifying search module of a Car Guruji site]]>
              </value>
            </param>
          </params>
          <exception class="cucumber.runtime.CucumberException">
            <message>
              <![CDATA[java.lang.NullPointerException]]>
            </message>
            <full-stacktrace>
              <![CDATA[cucumber.runtime.CucumberException: java.lang.NullPointerException
at cucumber.api.testng.TestNGCucumberRunner.runCucumber(TestNGCucumberRunner.java:69)
at runTest.RunCucumberTest.features(RunCucumberTest.java:35)
at sun.reflect.NativeMethodAccessorImpl.invoke0(Native Method)
at sun.reflect.NativeMethodAccessorImpl.invoke(Unknown Source)
at sun.reflect.DelegatingMethodAccessorImpl.invoke(Unknown Source)
at java.lang.reflect.Method.invoke(Unknown Source)
at org.testng.internal.MethodInvocationHelper.invokeMethod(MethodInvocationHelper.java:134)
at org.testng.internal.TestInvoker.invokeMethod(TestInvoker.java:597)
at org.testng.internal.TestInvoker.invokeTestMethod(TestInvoker.java:173)
at org.testng.internal.MethodRunner.runInSequence(MethodRunner.java:46)
at org.testng.internal.TestInvoker$MethodInvocationAgent.invoke(TestInvoker.java:816)
at org.testng.internal.TestInvoker.invokeTestMethods(TestInvoker.java:146)
at org.testng.internal.TestMethodWorker.invokeTestMethods(TestMethodWorker.java:146)
at org.testng.internal.TestMethodWorker.run(TestMethodWorker.java:128)
at java.util.ArrayList.forEach(Unknown Source)
at org.testng.TestRunner.privateRun(TestRunner.java:766)
at org.testng.TestRunner.run(TestRunner.java:587)
at org.testng.SuiteRunner.runTest(SuiteRunner.java:384)
at org.testng.SuiteRunner.runSequentially(SuiteRunner.java:378)
at org.testng.SuiteRunner.privateRun(SuiteRunner.java:337)
at org.testng.SuiteRunner.run(SuiteRunner.java:286)
at org.testng.SuiteRunnerWorker.runSuite(SuiteRunnerWorker.java:53)
at org.testng.SuiteRunnerWorker.run(SuiteRunnerWorker.java:96)
at org.testng.TestNG.runSuitesSequentially(TestNG.java:1187)
at org.testng.TestNG.runSuitesLocally(TestNG.java:1109)
at org.testng.TestNG.runSuites(TestNG.java:1039)
at org.testng.TestNG.run(TestNG.java:1007)
at org.testng.remote.AbstractRemoteTestNG.run(AbstractRemoteTestNG.java:115)
at org.testng.remote.RemoteTestNG.initAndRun(RemoteTestNG.java:251)
at org.testng.remote.RemoteTestNG.main(RemoteTestNG.java:77)
Caused by: java.lang.NullPointerException
at parallel.cucumber.utils.DriverFactory.initialization(DriverFactory.java:24)
at parallel.cucumber.utils.DriverFactory.getDriver(DriverFactory.java:62)
at parallel.cucumber.stepDefs.SearchProductStepTest.i_am_on_Carguruji_on_browser(SearchProductStepTest.java:37)
at ✽.Given I am on Carguruji on "chrome" browser(search_product.feature:9)
]]>
            </full-stacktrace>
          </exception> <!-- cucumber.runtime.CucumberException -->
          <reporter-output>
          </reporter-output>
        </test-method> <!-- features -->
        <test-method status="PASS" signature="tearDownClass()[pri:0, instance:runTest.RunCucumberTest@5f3a4b84]" name="tearDownClass" is-config="true" duration-ms="91" started-at="2020-04-14T19:23:41 BST" finished-at="2020-04-14T19:23:41 BST">
          <reporter-output>
          </reporter-output>
        </test-method> <!-- tearDownClass -->
      </class> <!-- runTest.RunCucumberTest -->
    </test> <!-- Test -->
  </suite> <!-- Suite -->
</testng-results>
