<?xml version="1.0" encoding="UTF-8"?>
<testng-results skipped="0" failed="0" ignored="0" total="2" passed="2">
  <reporter-output>
  </reporter-output>
  <suite name="Suite" duration-ms="121471" started-at="2020-05-09T10:16:00 BST" finished-at="2020-05-09T10:18:02 BST">
    <groups>
    </groups>
    <test name="Test" duration-ms="121471" started-at="2020-05-09T10:16:00 BST" finished-at="2020-05-09T10:18:02 BST">
      <class name="runTest.RunBrowseSearchTest">
        <test-method status="PASS" signature="runCukes()[pri:0, instance:runTest.RunBrowseSearchTest@5a8e6209]" name="runCukes" duration-ms="121436" started-at="2020-05-09T10:16:01 BST" finished-at="2020-05-09T10:18:02 BST">
          <reporter-output>
          </reporter-output>
        </test-method> <!-- runCukes -->
      </class> <!-- runTest.RunBrowseSearchTest -->
      <class name="runTest.RunCucumberTest">
        <test-method status="PASS" signature="runCukes()[pri:0, instance:runTest.RunCucumberTest@3b0143d3]" name="runCukes" duration-ms="444" started-at="2020-05-09T10:16:01 BST" finished-at="2020-05-09T10:16:01 BST">
          <reporter-output>
          </reporter-output>
        </test-method> <!-- runCukes -->
      </class> <!-- runTest.RunCucumberTest -->
    </test> <!-- Test -->
  </suite> <!-- Suite -->
</testng-results>
